[0.067s] DEBUG:colcon:Command line arguments: ['/usr/bin/colcon', 'build']
[0.067s] DEBUG:colcon:Parsed command line arguments: Namespace(log_base=None, log_level=None, verb_name='build', build_base='build', install_base='install', merge_install=False, symlink_install=False, test_result_base=None, continue_on_error=False, executor='parallel', parallel_workers=12, event_handlers=None, ignore_user_meta=False, metas=['./colcon.meta'], base_paths=['.'], packages_ignore=None, packages_ignore_regex=None, paths=None, packages_up_to=None, packages_up_to_regex=None, packages_above=None, packages_above_and_dependencies=None, packages_above_depth=None, packages_select_by_dep=None, packages_skip_by_dep=None, packages_skip_up_to=None, packages_select_build_failed=False, packages_skip_build_finished=False, packages_select_test_failures=False, packages_skip_test_passed=False, packages_select=None, packages_skip=None, packages_select_regex=None, packages_skip_regex=None, packages_start=None, packages_end=None, allow_overriding=[], cmake_args=None, cmake_target=None, cmake_target_skip_unavailable=False, cmake_clean_cache=False, cmake_clean_first=False, cmake_force_configure=False, ament_cmake_args=None, catkin_cmake_args=None, catkin_skip_building_tests=False, verb_parser=<colcon_defaults.argument_parser.defaults.DefaultArgumentsDecorator object at 0x7447bcf7a6c0>, verb_extension=<colcon_core.verb.build.BuildVerb object at 0x7447bd09f3b0>, main=<bound method BuildVerb.main of <colcon_core.verb.build.BuildVerb object at 0x7447bd09f3b0>>)
[0.092s] Level 1:colcon.colcon_core.package_discovery:discover_packages(colcon_meta) check parameters
[0.092s] Level 1:colcon.colcon_core.package_discovery:discover_packages(recursive) check parameters
[0.093s] Level 1:colcon.colcon_core.package_discovery:discover_packages(ignore) check parameters
[0.093s] Level 1:colcon.colcon_core.package_discovery:discover_packages(path) check parameters
[0.093s] Level 1:colcon.colcon_core.package_discovery:discover_packages(colcon_meta) discover
[0.093s] Level 1:colcon.colcon_core.package_discovery:discover_packages(recursive) discover
[0.093s] INFO:colcon.colcon_core.package_discovery:Crawling recursively for packages in '/home/vedant/Code/AI_ML_RL_RO/mobile-robot/ros2_ws'
[0.093s] Level 1:colcon.colcon_core.package_identification:_identify(.) by extensions ['ignore', 'ignore_ament_install']
[0.093s] Level 1:colcon.colcon_core.package_identification:_identify(.) by extension 'ignore'
[0.093s] Level 1:colcon.colcon_core.package_identification:_identify(.) by extension 'ignore_ament_install'
[0.093s] Level 1:colcon.colcon_core.package_identification:_identify(.) by extensions ['colcon_pkg']
[0.093s] Level 1:colcon.colcon_core.package_identification:_identify(.) by extension 'colcon_pkg'
[0.093s] Level 1:colcon.colcon_core.package_identification:_identify(.) by extensions ['colcon_meta']
[0.093s] Level 1:colcon.colcon_core.package_identification:_identify(.) by extension 'colcon_meta'
[0.093s] Level 1:colcon.colcon_core.package_identification:_identify(.) by extensions ['ros']
[0.093s] Level 1:colcon.colcon_core.package_identification:_identify(.) by extension 'ros'
[0.110s] Level 1:colcon.colcon_core.package_identification:_identify(.) by extensions ['cmake', 'python']
[0.111s] Level 1:colcon.colcon_core.package_identification:_identify(.) by extension 'cmake'
[0.111s] Level 1:colcon.colcon_core.package_identification:_identify(.) by extension 'python'
[0.111s] Level 1:colcon.colcon_core.package_identification:_identify(.) by extensions ['python_setup_py']
[0.111s] Level 1:colcon.colcon_core.package_identification:_identify(.) by extension 'python_setup_py'
[0.111s] Level 1:colcon.colcon_core.package_identification:_identify(build) by extensions ['ignore', 'ignore_ament_install']
[0.111s] Level 1:colcon.colcon_core.package_identification:_identify(build) by extension 'ignore'
[0.111s] Level 1:colcon.colcon_core.package_identification:_identify(build) ignored
[0.111s] Level 1:colcon.colcon_core.package_identification:_identify(cmd_vel_cpp) by extensions ['ignore', 'ignore_ament_install']
[0.111s] Level 1:colcon.colcon_core.package_identification:_identify(cmd_vel_cpp) by extension 'ignore'
[0.111s] Level 1:colcon.colcon_core.package_identification:_identify(cmd_vel_cpp) by extension 'ignore_ament_install'
[0.111s] Level 1:colcon.colcon_core.package_identification:_identify(cmd_vel_cpp) by extensions ['colcon_pkg']
[0.111s] Level 1:colcon.colcon_core.package_identification:_identify(cmd_vel_cpp) by extension 'colcon_pkg'
[0.111s] Level 1:colcon.colcon_core.package_identification:_identify(cmd_vel_cpp) by extensions ['colcon_meta']
[0.111s] Level 1:colcon.colcon_core.package_identification:_identify(cmd_vel_cpp) by extension 'colcon_meta'
[0.111s] Level 1:colcon.colcon_core.package_identification:_identify(cmd_vel_cpp) by extensions ['ros']
[0.111s] Level 1:colcon.colcon_core.package_identification:_identify(cmd_vel_cpp) by extension 'ros'
[0.113s] DEBUG:colcon.colcon_core.package_identification:Package 'cmd_vel_cpp' with type 'ros.ament_cmake' and name 'cmd_vel_cpp'
[0.113s] Level 1:colcon.colcon_core.package_identification:_identify(install) by extensions ['ignore', 'ignore_ament_install']
[0.113s] Level 1:colcon.colcon_core.package_identification:_identify(install) by extension 'ignore'
[0.113s] Level 1:colcon.colcon_core.package_identification:_identify(install) ignored
[0.113s] Level 1:colcon.colcon_core.package_identification:_identify(log) by extensions ['ignore', 'ignore_ament_install']
[0.113s] Level 1:colcon.colcon_core.package_identification:_identify(log) by extension 'ignore'
[0.113s] Level 1:colcon.colcon_core.package_identification:_identify(log) ignored
[0.114s] Level 1:colcon.colcon_core.package_identification:_identify(src) by extensions ['ignore', 'ignore_ament_install']
[0.114s] Level 1:colcon.colcon_core.package_identification:_identify(src) by extension 'ignore'
[0.114s] Level 1:colcon.colcon_core.package_identification:_identify(src) by extension 'ignore_ament_install'
[0.114s] Level 1:colcon.colcon_core.package_identification:_identify(src) by extensions ['colcon_pkg']
[0.114s] Level 1:colcon.colcon_core.package_identification:_identify(src) by extension 'colcon_pkg'
[0.114s] Level 1:colcon.colcon_core.package_identification:_identify(src) by extensions ['colcon_meta']
[0.114s] Level 1:colcon.colcon_core.package_identification:_identify(src) by extension 'colcon_meta'
[0.114s] Level 1:colcon.colcon_core.package_identification:_identify(src) by extensions ['ros']
[0.114s] Level 1:colcon.colcon_core.package_identification:_identify(src) by extension 'ros'
[0.114s] Level 1:colcon.colcon_core.package_identification:_identify(src) by extensions ['cmake', 'python']
[0.114s] Level 1:colcon.colcon_core.package_identification:_identify(src) by extension 'cmake'
[0.114s] Level 1:colcon.colcon_core.package_identification:_identify(src) by extension 'python'
[0.114s] Level 1:colcon.colcon_core.package_identification:_identify(src) by extensions ['python_setup_py']
[0.114s] Level 1:colcon.colcon_core.package_identification:_identify(src) by extension 'python_setup_py'
[0.114s] Level 1:colcon.colcon_core.package_discovery:discover_packages(recursive) using defaults
[0.114s] Level 1:colcon.colcon_core.package_discovery:discover_packages(ignore) discover
[0.114s] Level 1:colcon.colcon_core.package_discovery:discover_packages(ignore) using defaults
[0.114s] Level 1:colcon.colcon_core.package_discovery:discover_packages(path) discover
[0.114s] Level 1:colcon.colcon_core.package_discovery:discover_packages(path) using defaults
[0.126s] Level 1:colcon.colcon_core.package_discovery:discover_packages(prefix_path) check parameters
[0.126s] Level 1:colcon.colcon_core.package_discovery:discover_packages(prefix_path) discover
[0.126s] WARNING:colcon.colcon_core.prefix_path.colcon:The path '/home/vedant/Code/AI_ML_RL_RO/mobile-robot/install' in the environment variable COLCON_PREFIX_PATH doesn't exist
[0.127s] WARNING:colcon.colcon_ros.prefix_path.ament:The path '/home/vedant/Code/AI_ML_RL_RO/mobile-robot/install/my_package' in the environment variable AMENT_PREFIX_PATH doesn't exist
[0.127s] WARNING:colcon.colcon_ros.prefix_path.catkin:The path '/home/vedant/Code/AI_ML_RL_RO/mobile-robot/install/my_package' in the environment variable CMAKE_PREFIX_PATH doesn't exist
[0.128s] DEBUG:colcon.colcon_installed_package_information.package_discovery:Found 315 installed packages in /opt/ros/jazzy
[0.128s] Level 1:colcon.colcon_core.package_discovery:discover_packages(prefix_path) using defaults
[0.155s] Level 5:colcon.colcon_core.verb:set package 'cmd_vel_cpp' build argument 'cmake_args' from command line to 'None'
[0.155s] Level 5:colcon.colcon_core.verb:set package 'cmd_vel_cpp' build argument 'cmake_target' from command line to 'None'
[0.155s] Level 5:colcon.colcon_core.verb:set package 'cmd_vel_cpp' build argument 'cmake_target_skip_unavailable' from command line to 'False'
[0.155s] Level 5:colcon.colcon_core.verb:set package 'cmd_vel_cpp' build argument 'cmake_clean_cache' from command line to 'False'
[0.155s] Level 5:colcon.colcon_core.verb:set package 'cmd_vel_cpp' build argument 'cmake_clean_first' from command line to 'False'
[0.155s] Level 5:colcon.colcon_core.verb:set package 'cmd_vel_cpp' build argument 'cmake_force_configure' from command line to 'False'
[0.155s] Level 5:colcon.colcon_core.verb:set package 'cmd_vel_cpp' build argument 'ament_cmake_args' from command line to 'None'
[0.155s] Level 5:colcon.colcon_core.verb:set package 'cmd_vel_cpp' build argument 'catkin_cmake_args' from command line to 'None'
[0.155s] Level 5:colcon.colcon_core.verb:set package 'cmd_vel_cpp' build argument 'catkin_skip_building_tests' from command line to 'False'
[0.155s] DEBUG:colcon.colcon_core.verb:Building package 'cmd_vel_cpp' with the following arguments: {'ament_cmake_args': None, 'build_base': '/home/vedant/Code/AI_ML_RL_RO/mobile-robot/ros2_ws/build/cmd_vel_cpp', 'catkin_cmake_args': None, 'catkin_skip_building_tests': False, 'cmake_args': None, 'cmake_clean_cache': False, 'cmake_clean_first': False, 'cmake_force_configure': False, 'cmake_target': None, 'cmake_target_skip_unavailable': False, 'install_base': '/home/vedant/Code/AI_ML_RL_RO/mobile-robot/ros2_ws/install/cmd_vel_cpp', 'merge_install': False, 'path': '/home/vedant/Code/AI_ML_RL_RO/mobile-robot/ros2_ws/cmd_vel_cpp', 'symlink_install': False, 'test_result_base': None}
[0.155s] INFO:colcon.colcon_core.executor:Executing jobs using 'parallel' executor
[0.156s] DEBUG:colcon.colcon_parallel_executor.executor.parallel:run_until_complete
[0.156s] INFO:colcon.colcon_ros.task.ament_cmake.build:Building ROS package in '/home/vedant/Code/AI_ML_RL_RO/mobile-robot/ros2_ws/cmd_vel_cpp' with build type 'ament_cmake'
[0.156s] INFO:colcon.colcon_cmake.task.cmake.build:Building CMake package in '/home/vedant/Code/AI_ML_RL_RO/mobile-robot/ros2_ws/cmd_vel_cpp'
[0.157s] INFO:colcon.colcon_core.plugin_system:Skipping extension 'colcon_core.shell.bat': Not used on non-Windows systems
[0.157s] INFO:colcon.colcon_core.shell:Skip shell extension 'powershell' for command environment: Not usable outside of PowerShell
[0.157s] DEBUG:colcon.colcon_core.shell:Skip shell extension 'dsv' for command environment
[0.164s] DEBUG:colcon.colcon_core.event_handler.log_command:Invoking command in '/home/vedant/Code/AI_ML_RL_RO/mobile-robot/ros2_ws/build/cmd_vel_cpp': CMAKE_PREFIX_PATH=${CMAKE_PREFIX_PATH}:/opt/ros/jazzy DEBUGINFOD_URLS=https://debuginfod.ubuntu.com /usr/bin/cmake /home/vedant/Code/AI_ML_RL_RO/mobile-robot/ros2_ws/cmd_vel_cpp -DCMAKE_INSTALL_PREFIX=/home/vedant/Code/AI_ML_RL_RO/mobile-robot/ros2_ws/install/cmd_vel_cpp
[1.315s] DEBUG:colcon.colcon_core.event_handler.log_command:Invoked command in '/home/vedant/Code/AI_ML_RL_RO/mobile-robot/ros2_ws/build/cmd_vel_cpp' returned '0': CMAKE_PREFIX_PATH=${CMAKE_PREFIX_PATH}:/opt/ros/jazzy DEBUGINFOD_URLS=https://debuginfod.ubuntu.com /usr/bin/cmake /home/vedant/Code/AI_ML_RL_RO/mobile-robot/ros2_ws/cmd_vel_cpp -DCMAKE_INSTALL_PREFIX=/home/vedant/Code/AI_ML_RL_RO/mobile-robot/ros2_ws/install/cmd_vel_cpp
[1.317s] DEBUG:colcon.colcon_core.event_handler.log_command:Invoking command in '/home/vedant/Code/AI_ML_RL_RO/mobile-robot/ros2_ws/build/cmd_vel_cpp': CMAKE_PREFIX_PATH=${CMAKE_PREFIX_PATH}:/opt/ros/jazzy DEBUGINFOD_URLS=https://debuginfod.ubuntu.com /usr/bin/cmake --build /home/vedant/Code/AI_ML_RL_RO/mobile-robot/ros2_ws/build/cmd_vel_cpp -- -j12 -l12
[4.619s] DEBUG:colcon.colcon_core.event_handler.log_command:Invoked command in '/home/vedant/Code/AI_ML_RL_RO/mobile-robot/ros2_ws/build/cmd_vel_cpp' returned '0': CMAKE_PREFIX_PATH=${CMAKE_PREFIX_PATH}:/opt/ros/jazzy DEBUGINFOD_URLS=https://debuginfod.ubuntu.com /usr/bin/cmake --build /home/vedant/Code/AI_ML_RL_RO/mobile-robot/ros2_ws/build/cmd_vel_cpp -- -j12 -l12
[4.634s] DEBUG:colcon.colcon_core.event_handler.log_command:Invoking command in '/home/vedant/Code/AI_ML_RL_RO/mobile-robot/ros2_ws/build/cmd_vel_cpp': CMAKE_PREFIX_PATH=${CMAKE_PREFIX_PATH}:/opt/ros/jazzy DEBUGINFOD_URLS=https://debuginfod.ubuntu.com /usr/bin/cmake --install /home/vedant/Code/AI_ML_RL_RO/mobile-robot/ros2_ws/build/cmd_vel_cpp
[4.650s] Level 1:colcon.colcon_core.environment:create_environment_scripts_only(cmd_vel_cpp)
[4.651s] DEBUG:colcon.colcon_core.event_handler.log_command:Invoked command in '/home/vedant/Code/AI_ML_RL_RO/mobile-robot/ros2_ws/build/cmd_vel_cpp' returned '0': CMAKE_PREFIX_PATH=${CMAKE_PREFIX_PATH}:/opt/ros/jazzy DEBUGINFOD_URLS=https://debuginfod.ubuntu.com /usr/bin/cmake --install /home/vedant/Code/AI_ML_RL_RO/mobile-robot/ros2_ws/build/cmd_vel_cpp
[4.653s] Level 1:colcon.colcon_core.environment:checking '/home/vedant/Code/AI_ML_RL_RO/mobile-robot/ros2_ws/install/cmd_vel_cpp' for CMake module files
[4.653s] Level 1:colcon.colcon_core.environment:checking '/home/vedant/Code/AI_ML_RL_RO/mobile-robot/ros2_ws/install/cmd_vel_cpp' for CMake config files
[4.654s] Level 1:colcon.colcon_core.shell:create_environment_hook('cmd_vel_cpp', 'cmake_prefix_path')
[4.654s] INFO:colcon.colcon_core.shell:Creating environment hook '/home/vedant/Code/AI_ML_RL_RO/mobile-robot/ros2_ws/install/cmd_vel_cpp/share/cmd_vel_cpp/hook/cmake_prefix_path.ps1'
[4.655s] INFO:colcon.colcon_core.shell:Creating environment descriptor '/home/vedant/Code/AI_ML_RL_RO/mobile-robot/ros2_ws/install/cmd_vel_cpp/share/cmd_vel_cpp/hook/cmake_prefix_path.dsv'
[4.655s] INFO:colcon.colcon_core.shell:Creating environment hook '/home/vedant/Code/AI_ML_RL_RO/mobile-robot/ros2_ws/install/cmd_vel_cpp/share/cmd_vel_cpp/hook/cmake_prefix_path.sh'
[4.656s] Level 1:colcon.colcon_core.environment:checking '/home/vedant/Code/AI_ML_RL_RO/mobile-robot/ros2_ws/install/cmd_vel_cpp/lib'
[4.657s] Level 1:colcon.colcon_core.environment:checking '/home/vedant/Code/AI_ML_RL_RO/mobile-robot/ros2_ws/install/cmd_vel_cpp/bin'
[4.657s] Level 1:colcon.colcon_core.environment:checking '/home/vedant/Code/AI_ML_RL_RO/mobile-robot/ros2_ws/install/cmd_vel_cpp/lib/pkgconfig/cmd_vel_cpp.pc'
[4.657s] Level 1:colcon.colcon_core.environment:checking '/home/vedant/Code/AI_ML_RL_RO/mobile-robot/ros2_ws/install/cmd_vel_cpp/lib/python3.12/site-packages'
[4.657s] Level 1:colcon.colcon_core.environment:checking '/home/vedant/Code/AI_ML_RL_RO/mobile-robot/ros2_ws/install/cmd_vel_cpp/bin'
[4.658s] INFO:colcon.colcon_core.shell:Creating package script '/home/vedant/Code/AI_ML_RL_RO/mobile-robot/ros2_ws/install/cmd_vel_cpp/share/cmd_vel_cpp/package.ps1'
[4.658s] INFO:colcon.colcon_core.shell:Creating package descriptor '/home/vedant/Code/AI_ML_RL_RO/mobile-robot/ros2_ws/install/cmd_vel_cpp/share/cmd_vel_cpp/package.dsv'
[4.659s] INFO:colcon.colcon_core.shell:Creating package script '/home/vedant/Code/AI_ML_RL_RO/mobile-robot/ros2_ws/install/cmd_vel_cpp/share/cmd_vel_cpp/package.sh'
[4.660s] INFO:colcon.colcon_core.shell:Creating package script '/home/vedant/Code/AI_ML_RL_RO/mobile-robot/ros2_ws/install/cmd_vel_cpp/share/cmd_vel_cpp/package.bash'
[4.661s] INFO:colcon.colcon_core.shell:Creating package script '/home/vedant/Code/AI_ML_RL_RO/mobile-robot/ros2_ws/install/cmd_vel_cpp/share/cmd_vel_cpp/package.zsh'
[4.661s] Level 1:colcon.colcon_core.environment:create_file_with_runtime_dependencies(/home/vedant/Code/AI_ML_RL_RO/mobile-robot/ros2_ws/install/cmd_vel_cpp/share/colcon-core/packages/cmd_vel_cpp)
[4.662s] Level 1:colcon.colcon_core.environment:create_environment_scripts_only(cmd_vel_cpp)
[4.662s] Level 1:colcon.colcon_core.environment:checking '/home/vedant/Code/AI_ML_RL_RO/mobile-robot/ros2_ws/install/cmd_vel_cpp' for CMake module files
[4.663s] Level 1:colcon.colcon_core.environment:checking '/home/vedant/Code/AI_ML_RL_RO/mobile-robot/ros2_ws/install/cmd_vel_cpp' for CMake config files
[4.663s] Level 1:colcon.colcon_core.shell:create_environment_hook('cmd_vel_cpp', 'cmake_prefix_path')
[4.663s] INFO:colcon.colcon_core.shell:Creating environment hook '/home/vedant/Code/AI_ML_RL_RO/mobile-robot/ros2_ws/install/cmd_vel_cpp/share/cmd_vel_cpp/hook/cmake_prefix_path.ps1'
[4.664s] INFO:colcon.colcon_core.shell:Creating environment descriptor '/home/vedant/Code/AI_ML_RL_RO/mobile-robot/ros2_ws/install/cmd_vel_cpp/share/cmd_vel_cpp/hook/cmake_prefix_path.dsv'
[4.664s] INFO:colcon.colcon_core.shell:Creating environment hook '/home/vedant/Code/AI_ML_RL_RO/mobile-robot/ros2_ws/install/cmd_vel_cpp/share/cmd_vel_cpp/hook/cmake_prefix_path.sh'
[4.665s] Level 1:colcon.colcon_core.environment:checking '/home/vedant/Code/AI_ML_RL_RO/mobile-robot/ros2_ws/install/cmd_vel_cpp/lib'
[4.665s] Level 1:colcon.colcon_core.environment:checking '/home/vedant/Code/AI_ML_RL_RO/mobile-robot/ros2_ws/install/cmd_vel_cpp/bin'
[4.665s] Level 1:colcon.colcon_core.environment:checking '/home/vedant/Code/AI_ML_RL_RO/mobile-robot/ros2_ws/install/cmd_vel_cpp/lib/pkgconfig/cmd_vel_cpp.pc'
[4.665s] Level 1:colcon.colcon_core.environment:checking '/home/vedant/Code/AI_ML_RL_RO/mobile-robot/ros2_ws/install/cmd_vel_cpp/lib/python3.12/site-packages'
[4.666s] Level 1:colcon.colcon_core.environment:checking '/home/vedant/Code/AI_ML_RL_RO/mobile-robot/ros2_ws/install/cmd_vel_cpp/bin'
[4.666s] INFO:colcon.colcon_core.shell:Creating package script '/home/vedant/Code/AI_ML_RL_RO/mobile-robot/ros2_ws/install/cmd_vel_cpp/share/cmd_vel_cpp/package.ps1'
[4.667s] INFO:colcon.colcon_core.shell:Creating package descriptor '/home/vedant/Code/AI_ML_RL_RO/mobile-robot/ros2_ws/install/cmd_vel_cpp/share/cmd_vel_cpp/package.dsv'
[4.667s] INFO:colcon.colcon_core.shell:Creating package script '/home/vedant/Code/AI_ML_RL_RO/mobile-robot/ros2_ws/install/cmd_vel_cpp/share/cmd_vel_cpp/package.sh'
[4.668s] INFO:colcon.colcon_core.shell:Creating package script '/home/vedant/Code/AI_ML_RL_RO/mobile-robot/ros2_ws/install/cmd_vel_cpp/share/cmd_vel_cpp/package.bash'
[4.668s] INFO:colcon.colcon_core.shell:Creating package script '/home/vedant/Code/AI_ML_RL_RO/mobile-robot/ros2_ws/install/cmd_vel_cpp/share/cmd_vel_cpp/package.zsh'
[4.669s] Level 1:colcon.colcon_core.environment:create_file_with_runtime_dependencies(/home/vedant/Code/AI_ML_RL_RO/mobile-robot/ros2_ws/install/cmd_vel_cpp/share/colcon-core/packages/cmd_vel_cpp)
[4.669s] DEBUG:colcon.colcon_parallel_executor.executor.parallel:closing loop
[4.669s] DEBUG:colcon.colcon_parallel_executor.executor.parallel:loop closed
[4.669s] DEBUG:colcon.colcon_parallel_executor.executor.parallel:run_until_complete finished with '0'
[4.670s] DEBUG:colcon.colcon_core.event_reactor:joining thread
[4.677s] INFO:colcon.colcon_core.plugin_system:Skipping extension 'colcon_notification.desktop_notification.terminal_notifier': Not used on non-Darwin systems
[4.677s] INFO:colcon.colcon_core.plugin_system:Skipping extension 'colcon_notification.desktop_notification.win32': Not used on non-Windows systems
[4.677s] INFO:colcon.colcon_notification.desktop_notification:Sending desktop notification using 'notify2'
[4.694s] DEBUG:colcon.colcon_core.event_reactor:joined thread
[4.694s] INFO:colcon.colcon_core.shell:Creating prefix script '/home/vedant/Code/AI_ML_RL_RO/mobile-robot/ros2_ws/install/local_setup.ps1'
[4.695s] INFO:colcon.colcon_core.shell:Creating prefix util module '/home/vedant/Code/AI_ML_RL_RO/mobile-robot/ros2_ws/install/_local_setup_util_ps1.py'
[4.696s] INFO:colcon.colcon_core.shell:Creating prefix chain script '/home/vedant/Code/AI_ML_RL_RO/mobile-robot/ros2_ws/install/setup.ps1'
[4.696s] INFO:colcon.colcon_core.shell:Creating prefix script '/home/vedant/Code/AI_ML_RL_RO/mobile-robot/ros2_ws/install/local_setup.sh'
[4.697s] INFO:colcon.colcon_core.shell:Creating prefix util module '/home/vedant/Code/AI_ML_RL_RO/mobile-robot/ros2_ws/install/_local_setup_util_sh.py'
[4.697s] INFO:colcon.colcon_core.shell:Creating prefix chain script '/home/vedant/Code/AI_ML_RL_RO/mobile-robot/ros2_ws/install/setup.sh'
[4.698s] INFO:colcon.colcon_core.shell:Creating prefix script '/home/vedant/Code/AI_ML_RL_RO/mobile-robot/ros2_ws/install/local_setup.bash'
[4.698s] INFO:colcon.colcon_core.shell:Creating prefix chain script '/home/vedant/Code/AI_ML_RL_RO/mobile-robot/ros2_ws/install/setup.bash'
[4.698s] INFO:colcon.colcon_core.shell:Creating prefix script '/home/vedant/Code/AI_ML_RL_RO/mobile-robot/ros2_ws/install/local_setup.zsh'
[4.699s] INFO:colcon.colcon_core.shell:Creating prefix chain script '/home/vedant/Code/AI_ML_RL_RO/mobile-robot/ros2_ws/install/setup.zsh'
