-- The C compiler identification is GNU 13.3.0
-- The CXX compiler identification is GNU 13.3.0
-- Detecting C compiler ABI info
-- Detecting C compiler ABI info - done
-- Check for working C compiler: /usr/bin/cc - skipped
-- Detecting C compile features
-- Detecting C compile features - done
-- Detecting CXX compiler ABI info
-- Detecting CXX compiler ABI info - done
-- Check for working CXX compiler: /usr/bin/c++ - skipped
-- Detecting CXX compile features
-- Detecting CXX compile features - done
-- Found ament_cmake: 2.5.4 (/opt/ros/jazzy/share/ament_cmake/cmake)
-- Found Python3: /usr/bin/python3 (found version "3.12.3") found components: Interpreter 
-- Found rclcpp: 28.1.13 (/opt/ros/jazzy/share/rclcpp/cmake)
-- Found rosidl_generator_c: 4.6.6 (/opt/ros/jazzy/share/rosidl_generator_c/cmake)
-- Found rosidl_generator_cpp: 4.6.6 (/opt/ros/jazzy/share/rosidl_generator_cpp/cmake)
-- Using all available rosidl_typesupport_c: rosidl_typesupport_fastrtps_c;rosidl_typesupport_introspection_c
-- Using all available rosidl_typesupport_cpp: rosidl_typesupport_fastrtps_cpp;rosidl_typesupport_introspection_cpp
-- Found rmw_implementation_cmake: 7.3.2 (/opt/ros/jazzy/share/rmw_implementation_cmake/cmake)
-- Found rmw_fastrtps_cpp: 8.4.3 (/opt/ros/jazzy/share/rmw_fastrtps_cpp/cmake)
-- Found OpenSSL: /usr/lib/x86_64-linux-gnu/libcrypto.so (found version "3.0.13")  
-- Found FastRTPS: /opt/ros/jazzy/include (Required is at least version "2.13") 
-- Using RMW implementation 'rmw_fastrtps_cpp' as default
-- Found geometry_msgs: 5.3.6 (/opt/ros/jazzy/share/geometry_msgs/cmake)
-- Found ament_lint_auto: 0.17.3 (/opt/ros/jazzy/share/ament_lint_auto/cmake)
-- Added test 'cppcheck' to perform static code analysis on C / C++ code
-- Configured cppcheck include dirs: 
-- Configured cppcheck exclude dirs and/or files: 
-- Added test 'lint_cmake' to check CMake code style
-- Added test 'uncrustify' to check C / C++ code style
-- Configured uncrustify additional arguments: 
-- Added test 'xmllint' to check XML markup files
-- Configuring done (1.1s)
-- Generating done (0.0s)
-- Build files have been written to: /home/vedant/Code/AI_ML_RL_RO/mobile-robot/ros2_ws/build/cmd_vel_cpp
[ 50%] [32mBuilding CXX object CMakeFiles/cmd_vel_cpp.dir/src/cmd_vel_publisher.cpp.o[0m
[100%] [32m[1mLinking CXX executable cmd_vel_cpp[0m
[100%] Built target cmd_vel_cpp
-- Install configuration: ""
-- Installing: /home/vedant/Code/AI_ML_RL_RO/mobile-robot/ros2_ws/install/cmd_vel_cpp/lib/cmd_vel_cpp/cmd_vel_cpp
-- Set non-toolchain portion of runtime path of "/home/vedant/Code/AI_ML_RL_RO/mobile-robot/ros2_ws/install/cmd_vel_cpp/lib/cmd_vel_cpp/cmd_vel_cpp" to ""
-- Installing: /home/vedant/Code/AI_ML_RL_RO/mobile-robot/ros2_ws/install/cmd_vel_cpp/share/ament_index/resource_index/package_run_dependencies/cmd_vel_cpp
-- Installing: /home/vedant/Code/AI_ML_RL_RO/mobile-robot/ros2_ws/install/cmd_vel_cpp/share/ament_index/resource_index/parent_prefix_path/cmd_vel_cpp
-- Installing: /home/vedant/Code/AI_ML_RL_RO/mobile-robot/ros2_ws/install/cmd_vel_cpp/share/cmd_vel_cpp/environment/ament_prefix_path.sh
-- Installing: /home/vedant/Code/AI_ML_RL_RO/mobile-robot/ros2_ws/install/cmd_vel_cpp/share/cmd_vel_cpp/environment/ament_prefix_path.dsv
-- Installing: /home/vedant/Code/AI_ML_RL_RO/mobile-robot/ros2_ws/install/cmd_vel_cpp/share/cmd_vel_cpp/environment/path.sh
-- Installing: /home/vedant/Code/AI_ML_RL_RO/mobile-robot/ros2_ws/install/cmd_vel_cpp/share/cmd_vel_cpp/environment/path.dsv
-- Installing: /home/vedant/Code/AI_ML_RL_RO/mobile-robot/ros2_ws/install/cmd_vel_cpp/share/cmd_vel_cpp/local_setup.bash
-- Installing: /home/vedant/Code/AI_ML_RL_RO/mobile-robot/ros2_ws/install/cmd_vel_cpp/share/cmd_vel_cpp/local_setup.sh
-- Installing: /home/vedant/Code/AI_ML_RL_RO/mobile-robot/ros2_ws/install/cmd_vel_cpp/share/cmd_vel_cpp/local_setup.zsh
-- Installing: /home/vedant/Code/AI_ML_RL_RO/mobile-robot/ros2_ws/install/cmd_vel_cpp/share/cmd_vel_cpp/local_setup.dsv
-- Installing: /home/vedant/Code/AI_ML_RL_RO/mobile-robot/ros2_ws/install/cmd_vel_cpp/share/cmd_vel_cpp/package.dsv
-- Installing: /home/vedant/Code/AI_ML_RL_RO/mobile-robot/ros2_ws/install/cmd_vel_cpp/share/ament_index/resource_index/packages/cmd_vel_cpp
-- Installing: /home/vedant/Code/AI_ML_RL_RO/mobile-robot/ros2_ws/install/cmd_vel_cpp/share/cmd_vel_cpp/cmake/cmd_vel_cppConfig.cmake
-- Installing: /home/vedant/Code/AI_ML_RL_RO/mobile-robot/ros2_ws/install/cmd_vel_cpp/share/cmd_vel_cpp/cmake/cmd_vel_cppConfig-version.cmake
-- Installing: /home/vedant/Code/AI_ML_RL_RO/mobile-robot/ros2_ws/install/cmd_vel_cpp/share/cmd_vel_cpp/package.xml
