[0.007s] Invoking command in '/home/vedant/Code/AI_ML_RL_RO/mobile-robot/ros2_ws/build/cmd_vel_cpp': CMAKE_PREFIX_PATH=${CMAKE_PREFIX_PATH}:/opt/ros/jazzy DEBUGINFOD_URLS=https://debuginfod.ubuntu.com /usr/bin/cmake /home/vedant/Code/AI_ML_RL_RO/mobile-robot/ros2_ws/cmd_vel_cpp -DCMAKE_INSTALL_PREFIX=/home/vedant/Code/AI_ML_RL_RO/mobile-robot/ros2_ws/install/cmd_vel_cpp
[0.084s] -- The C compiler identification is GNU 13.3.0
[0.145s] -- The CXX compiler identification is GNU 13.3.0
[0.167s] -- Detecting C compiler ABI info
[0.297s] -- Detecting C compiler ABI info - done
[0.307s] -- Check for working C compiler: /usr/bin/cc - skipped
[0.308s] -- Detecting C compile features
[0.308s] -- Detecting C compile features - done
[0.319s] -- Detecting CXX compiler ABI info
[0.447s] -- Detecting CXX compiler ABI info - done
[0.456s] -- Check for working CXX compiler: /usr/bin/c++ - skipped
[0.457s] -- Detecting CXX compile features
[0.457s] -- Detecting CXX compile features - done
[0.461s] -- Found ament_cmake: 2.5.4 (/opt/ros/jazzy/share/ament_cmake/cmake)
[0.597s] -- Found Python3: /usr/bin/python3 (found version "3.12.3") found components: Interpreter 
[0.689s] -- Found rclcpp: 28.1.13 (/opt/ros/jazzy/share/rclcpp/cmake)
[0.724s] -- Found rosidl_generator_c: 4.6.6 (/opt/ros/jazzy/share/rosidl_generator_c/cmake)
[0.736s] -- Found rosidl_generator_cpp: 4.6.6 (/opt/ros/jazzy/share/rosidl_generator_cpp/cmake)
[0.749s] -- Using all available rosidl_typesupport_c: rosidl_typesupport_fastrtps_c;rosidl_typesupport_introspection_c
[0.763s] -- Using all available rosidl_typesupport_cpp: rosidl_typesupport_fastrtps_cpp;rosidl_typesupport_introspection_cpp
[0.825s] -- Found rmw_implementation_cmake: 7.3.2 (/opt/ros/jazzy/share/rmw_implementation_cmake/cmake)
[0.827s] -- Found rmw_fastrtps_cpp: 8.4.3 (/opt/ros/jazzy/share/rmw_fastrtps_cpp/cmake)
[0.921s] -- Found OpenSSL: /usr/lib/x86_64-linux-gnu/libcrypto.so (found version "3.0.13")  
[0.944s] -- Found FastRTPS: /opt/ros/jazzy/include (Required is at least version "2.13") 
[0.966s] -- Using RMW implementation 'rmw_fastrtps_cpp' as default
[1.026s] -- Found geometry_msgs: 5.3.6 (/opt/ros/jazzy/share/geometry_msgs/cmake)
[1.053s] -- Found ament_lint_auto: 0.17.3 (/opt/ros/jazzy/share/ament_lint_auto/cmake)
[1.137s] -- Added test 'cppcheck' to perform static code analysis on C / C++ code
[1.137s] -- Configured cppcheck include dirs: 
[1.137s] -- Configured cppcheck exclude dirs and/or files: 
[1.137s] -- Added test 'lint_cmake' to check CMake code style
[1.138s] -- Added test 'uncrustify' to check C / C++ code style
[1.138s] -- Configured uncrustify additional arguments: 
[1.139s] -- Added test 'xmllint' to check XML markup files
[1.140s] -- Configuring done (1.1s)
[1.148s] -- Generating done (0.0s)
[1.152s] -- Build files have been written to: /home/vedant/Code/AI_ML_RL_RO/mobile-robot/ros2_ws/build/cmd_vel_cpp
[1.159s] Invoked command in '/home/vedant/Code/AI_ML_RL_RO/mobile-robot/ros2_ws/build/cmd_vel_cpp' returned '0': CMAKE_PREFIX_PATH=${CMAKE_PREFIX_PATH}:/opt/ros/jazzy DEBUGINFOD_URLS=https://debuginfod.ubuntu.com /usr/bin/cmake /home/vedant/Code/AI_ML_RL_RO/mobile-robot/ros2_ws/cmd_vel_cpp -DCMAKE_INSTALL_PREFIX=/home/vedant/Code/AI_ML_RL_RO/mobile-robot/ros2_ws/install/cmd_vel_cpp
[1.161s] Invoking command in '/home/vedant/Code/AI_ML_RL_RO/mobile-robot/ros2_ws/build/cmd_vel_cpp': CMAKE_PREFIX_PATH=${CMAKE_PREFIX_PATH}:/opt/ros/jazzy DEBUGINFOD_URLS=https://debuginfod.ubuntu.com /usr/bin/cmake --build /home/vedant/Code/AI_ML_RL_RO/mobile-robot/ros2_ws/build/cmd_vel_cpp -- -j12 -l12
[1.219s] [ 50%] [32mBuilding CXX object CMakeFiles/cmd_vel_cpp.dir/src/cmd_vel_publisher.cpp.o[0m
[4.318s] [100%] [32m[1mLinking CXX executable cmd_vel_cpp[0m
[4.449s] [100%] Built target cmd_vel_cpp
[4.462s] Invoked command in '/home/vedant/Code/AI_ML_RL_RO/mobile-robot/ros2_ws/build/cmd_vel_cpp' returned '0': CMAKE_PREFIX_PATH=${CMAKE_PREFIX_PATH}:/opt/ros/jazzy DEBUGINFOD_URLS=https://debuginfod.ubuntu.com /usr/bin/cmake --build /home/vedant/Code/AI_ML_RL_RO/mobile-robot/ros2_ws/build/cmd_vel_cpp -- -j12 -l12
[4.477s] Invoking command in '/home/vedant/Code/AI_ML_RL_RO/mobile-robot/ros2_ws/build/cmd_vel_cpp': CMAKE_PREFIX_PATH=${CMAKE_PREFIX_PATH}:/opt/ros/jazzy DEBUGINFOD_URLS=https://debuginfod.ubuntu.com /usr/bin/cmake --install /home/vedant/Code/AI_ML_RL_RO/mobile-robot/ros2_ws/build/cmd_vel_cpp
[4.489s] -- Install configuration: ""
[4.489s] -- Installing: /home/vedant/Code/AI_ML_RL_RO/mobile-robot/ros2_ws/install/cmd_vel_cpp/lib/cmd_vel_cpp/cmd_vel_cpp
[4.490s] -- Set non-toolchain portion of runtime path of "/home/vedant/Code/AI_ML_RL_RO/mobile-robot/ros2_ws/install/cmd_vel_cpp/lib/cmd_vel_cpp/cmd_vel_cpp" to ""
[4.491s] -- Installing: /home/vedant/Code/AI_ML_RL_RO/mobile-robot/ros2_ws/install/cmd_vel_cpp/share/ament_index/resource_index/package_run_dependencies/cmd_vel_cpp
[4.491s] -- Installing: /home/vedant/Code/AI_ML_RL_RO/mobile-robot/ros2_ws/install/cmd_vel_cpp/share/ament_index/resource_index/parent_prefix_path/cmd_vel_cpp
[4.491s] -- Installing: /home/vedant/Code/AI_ML_RL_RO/mobile-robot/ros2_ws/install/cmd_vel_cpp/share/cmd_vel_cpp/environment/ament_prefix_path.sh
[4.491s] -- Installing: /home/vedant/Code/AI_ML_RL_RO/mobile-robot/ros2_ws/install/cmd_vel_cpp/share/cmd_vel_cpp/environment/ament_prefix_path.dsv
[4.491s] -- Installing: /home/vedant/Code/AI_ML_RL_RO/mobile-robot/ros2_ws/install/cmd_vel_cpp/share/cmd_vel_cpp/environment/path.sh
[4.491s] -- Installing: /home/vedant/Code/AI_ML_RL_RO/mobile-robot/ros2_ws/install/cmd_vel_cpp/share/cmd_vel_cpp/environment/path.dsv
[4.492s] -- Installing: /home/vedant/Code/AI_ML_RL_RO/mobile-robot/ros2_ws/install/cmd_vel_cpp/share/cmd_vel_cpp/local_setup.bash
[4.492s] -- Installing: /home/vedant/Code/AI_ML_RL_RO/mobile-robot/ros2_ws/install/cmd_vel_cpp/share/cmd_vel_cpp/local_setup.sh
[4.492s] -- Installing: /home/vedant/Code/AI_ML_RL_RO/mobile-robot/ros2_ws/install/cmd_vel_cpp/share/cmd_vel_cpp/local_setup.zsh
[4.492s] -- Installing: /home/vedant/Code/AI_ML_RL_RO/mobile-robot/ros2_ws/install/cmd_vel_cpp/share/cmd_vel_cpp/local_setup.dsv
[4.492s] -- Installing: /home/vedant/Code/AI_ML_RL_RO/mobile-robot/ros2_ws/install/cmd_vel_cpp/share/cmd_vel_cpp/package.dsv
[4.492s] -- Installing: /home/vedant/Code/AI_ML_RL_RO/mobile-robot/ros2_ws/install/cmd_vel_cpp/share/ament_index/resource_index/packages/cmd_vel_cpp
[4.492s] -- Installing: /home/vedant/Code/AI_ML_RL_RO/mobile-robot/ros2_ws/install/cmd_vel_cpp/share/cmd_vel_cpp/cmake/cmd_vel_cppConfig.cmake
[4.492s] -- Installing: /home/vedant/Code/AI_ML_RL_RO/mobile-robot/ros2_ws/install/cmd_vel_cpp/share/cmd_vel_cpp/cmake/cmd_vel_cppConfig-version.cmake
[4.492s] -- Installing: /home/vedant/Code/AI_ML_RL_RO/mobile-robot/ros2_ws/install/cmd_vel_cpp/share/cmd_vel_cpp/package.xml
[4.494s] Invoked command in '/home/vedant/Code/AI_ML_RL_RO/mobile-robot/ros2_ws/build/cmd_vel_cpp' returned '0': CMAKE_PREFIX_PATH=${CMAKE_PREFIX_PATH}:/opt/ros/jazzy DEBUGINFOD_URLS=https://debuginfod.ubuntu.com /usr/bin/cmake --install /home/vedant/Code/AI_ML_RL_RO/mobile-robot/ros2_ws/build/cmd_vel_cpp
